Using pre-set license
Built from '2020.3/staging' branch; Version is '2020.3.11f1 (99c7afb366b3) revision 10078127'; Using compiler version '192528614'; Build Type 'Release'
OS: 'Windows 10 Home; OS build 19042.1165; Version 2009; 64bit' Language: 'en' Physical Memory: 32635 MB
BatchMode: 1, IsHumanControllingUs: 0, StartBugReporterOnCrash: 0, Is64bit: 1, IsPro: 0

 COMMAND LINE ARGUMENTS:
C:\Program Files\Unity\Hub\Editor\2020.3.11f1\Editor\Unity.exe
-adb2
-batchMode
-noUpm
-name
AssetImportWorker0
-projectPath
C:/Users/emre_/Desktop/Github/Asteroids
-logFile
Logs/AssetImportWorker0.log
-srvPort
55680
Successfully changed project path to: C:/Users/emre_/Desktop/Github/Asteroids
C:/Users/emre_/Desktop/Github/Asteroids
Using Asset Import Pipeline V2.
Refreshing native plugins compatible for Editor in 42.64 ms, found 3 plugins.
Preloading 0 native plugins for Editor in 0.00 ms.
Initialize engine version: 2020.3.11f1 (99c7afb366b3)
[Subsystems] Discovering subsystems at path C:/Program Files/Unity/Hub/Editor/2020.3.11f1/Editor/Data/Resources/UnitySubsystems
[Subsystems] Discovering subsystems at path C:/Users/emre_/Desktop/Github/Asteroids/Assets
GfxDevice: creating device client; threaded=0
Direct3D:
    Version:  Direct3D 11.0 [level 11.1]
    Renderer: NVIDIA GeForce RTX 2070 Super (ID=0x1e91)
    Vendor:   
    VRAM:     8011 MB
    Driver:   26.21.14.4223
Initialize mono
Mono path[0] = 'C:/Program Files/Unity/Hub/Editor/2020.3.11f1/Editor/Data/Managed'
Mono path[1] = 'C:/Program Files/Unity/Hub/Editor/2020.3.11f1/Editor/Data/MonoBleedingEdge/lib/mono/unityjit'
Mono config path = 'C:/Program Files/Unity/Hub/Editor/2020.3.11f1/Editor/Data/MonoBleedingEdge/etc'
Using monoOptions --debugger-agent=transport=dt_socket,embedding=1,server=y,suspend=n,address=127.0.0.1:56036
Begin MonoManager ReloadAssembly
Registering precompiled unity dll's ...
Register platform support module: C:/Program Files/Unity/Hub/Editor/2020.3.11f1/Editor/Data/PlaybackEngines/WindowsStandaloneSupport/UnityEditor.WindowsStandalone.Extensions.dll
Registered in 0.001416 seconds.
Native extension for WindowsStandalone target not found
Refreshing native plugins compatible for Editor in 38.68 ms, found 3 plugins.
Preloading 0 native plugins for Editor in 0.00 ms.
Mono: successfully reloaded assembly
- Completed reload, in  0.831 seconds
Platform modules already initialized, skipping
Registering precompiled user dll's ...
Registered in 0.005942 seconds.
Begin MonoManager ReloadAssembly
Native extension for WindowsStandalone target not found
Refreshing native plugins compatible for Editor in 42.98 ms, found 3 plugins.
Preloading 0 native plugins for Editor in 0.00 ms.
Mono: successfully reloaded assembly
- Completed reload, in  1.388 seconds
Platform modules already initialized, skipping
========================================================================
Worker process is ready to serve import requests
Launched and connected shader compiler UnityShaderCompiler.exe after 0.03 seconds
Refreshing native plugins compatible for Editor in 0.57 ms, found 3 plugins.
Preloading 0 native plugins for Editor in 0.00 ms.
Unloading 2124 Unused Serialized files (Serialized files now loaded: 0)
System memory in use before: 105.1 MB.
System memory in use after: 105.0 MB.

Unloading 43 unused Assets to reduce memory usage. Loaded Objects now: 2601.
Total: 24.747800 ms (FindLiveObjects: 0.239800 ms CreateObjectMapping: 0.111900 ms MarkObjects: 24.265700 ms  DeleteObjects: 0.128800 ms)

========================================================================
Received Import Request.
  path: Assets/Plugins/Sirenix/Demos
  artifactKey: Guid(30565587d2ea3b84b9f31b6f9213a807) Importer(815301076,1909f56bfc062723c751e8b465ee728b)
Start importing Assets/Plugins/Sirenix/Demos using Guid(30565587d2ea3b84b9f31b6f9213a807) Importer(815301076,1909f56bfc062723c751e8b465ee728b)  -> (artifact id: '56bde25c659cbbb325ec95f8d415dff6') in 0.008875 seconds
  Import took 0.011819 seconds .

========================================================================
Received Import Request.
  Time since last request: 0.000165 seconds.
  path: Assets/Plugins/Sirenix/Demos/Custom Attribute Processors.unitypackage
  artifactKey: Guid(794d7fb0f3968dd4e8ff21a4f7ba4fe3) Importer(815301076,1909f56bfc062723c751e8b465ee728b)
Start importing Assets/Plugins/Sirenix/Demos/Custom Attribute Processors.unitypackage using Guid(794d7fb0f3968dd4e8ff21a4f7ba4fe3) Importer(815301076,1909f56bfc062723c751e8b465ee728b)  -> (artifact id: '0e15d0680b77567e17bff232301c0eb3') in 0.031620 seconds
  Import took 0.034545 seconds .

========================================================================
Received Import Request.
  Time since last request: 4.769662 seconds.
  path: Assets/Plugins/Sirenix/Odin Inspector/Assets
  artifactKey: Guid(417783ef8cf45034fb2abd6d7bddeb49) Importer(815301076,1909f56bfc062723c751e8b465ee728b)
Start importing Assets/Plugins/Sirenix/Odin Inspector/Assets using Guid(417783ef8cf45034fb2abd6d7bddeb49) Importer(815301076,1909f56bfc062723c751e8b465ee728b)  -> (artifact id: '1143edee2ea33e9bb254f5fe8a508d42') in 0.009713 seconds
  Import took 0.014172 seconds .

========================================================================
Received Import Request.
  Time since last request: 2.243984 seconds.
  path: Assets/Plugins/Sirenix/Odin Inspector/Scripts/Sirenix.OdinInspector.CompatibilityLayer.asmdef
  artifactKey: Guid(5c786597f4122bd4599f5c93dd47847f) Importer(815301076,1909f56bfc062723c751e8b465ee728b)
Start importing Assets/Plugins/Sirenix/Odin Inspector/Scripts/Sirenix.OdinInspector.CompatibilityLayer.asmdef using Guid(5c786597f4122bd4599f5c93dd47847f) Importer(815301076,1909f56bfc062723c751e8b465ee728b)  -> (artifact id: '2290edad1fe0a6a0e4156ac920b72e3b') in 0.019154 seconds
  Import took 0.022476 seconds .

========================================================================
Received Prepare
Registering precompiled user dll's ...
Registered in 0.003028 seconds.
Begin MonoManager ReloadAssembly
Native extension for WindowsStandalone target not found
Refreshing native plugins compatible for Editor in 0.44 ms, found 3 plugins.
Preloading 0 native plugins for Editor in 0.00 ms.
Mono: successfully reloaded assembly
- Completed reload, in  0.989 seconds
Platform modules already initialized, skipping
Refreshing native plugins compatible for Editor in 0.44 ms, found 3 plugins.
Preloading 0 native plugins for Editor in 0.00 ms.
Unloading 2085 Unused Serialized files (Serialized files now loaded: 0)
System memory in use before: 98.0 MB.
System memory in use after: 98.0 MB.

Unloading 74 unused Assets to reduce memory usage. Loaded Objects now: 2554.
Total: 2.105500 ms (FindLiveObjects: 0.191200 ms CreateObjectMapping: 0.075900 ms MarkObjects: 1.736100 ms  DeleteObjects: 0.101200 ms)

========================================================================
Received Prepare
Registering precompiled user dll's ...
Registered in 0.003774 seconds.
Begin MonoManager ReloadAssembly
Native extension for WindowsStandalone target not found
Refreshing native plugins compatible for Editor in 0.43 ms, found 3 plugins.
Preloading 0 native plugins for Editor in 0.00 ms.
Mono: successfully reloaded assembly
- Completed reload, in  0.921 seconds
Platform modules already initialized, skipping
Refreshing native plugins compatible for Editor in 0.50 ms, found 3 plugins.
Preloading 0 native plugins for Editor in 0.00 ms.
Unloading 2085 Unused Serialized files (Serialized files now loaded: 0)
System memory in use before: 98.0 MB.
System memory in use after: 98.0 MB.

Unloading 21 unused Assets to reduce memory usage. Loaded Objects now: 2558.
Total: 2.069600 ms (FindLiveObjects: 0.183400 ms CreateObjectMapping: 0.073700 ms MarkObjects: 1.680600 ms  DeleteObjects: 0.130900 ms)

========================================================================
Received Prepare
Registering precompiled user dll's ...
Registered in 0.005708 seconds.
Begin MonoManager ReloadAssembly
Native extension for WindowsStandalone target not found
Refreshing native plugins compatible for Editor in 0.53 ms, found 3 plugins.
Preloading 0 native plugins for Editor in 0.00 ms.
Mono: successfully reloaded assembly
- Completed reload, in  1.077 seconds
Platform modules already initialized, skipping
Refreshing native plugins compatible for Editor in 0.63 ms, found 3 plugins.
Preloading 0 native plugins for Editor in 0.00 ms.
Unloading 2108 Unused Serialized files (Serialized files now loaded: 0)
System memory in use before: 98.9 MB.
System memory in use after: 98.8 MB.

Unloading 28 unused Assets to reduce memory usage. Loaded Objects now: 2593.
Total: 3.473700 ms (FindLiveObjects: 0.819500 ms CreateObjectMapping: 0.139200 ms MarkObjects: 2.347900 ms  DeleteObjects: 0.165500 ms)

========================================================================
Received Prepare
Registering precompiled user dll's ...
Registered in 0.005058 seconds.
Begin MonoManager ReloadAssembly
Native extension for WindowsStandalone target not found
Refreshing native plugins compatible for Editor in 0.55 ms, found 3 plugins.
Preloading 0 native plugins for Editor in 0.00 ms.
Mono: successfully reloaded assembly
- Completed reload, in  0.896 seconds
Platform modules already initialized, skipping
Refreshing native plugins compatible for Editor in 0.59 ms, found 3 plugins.
Preloading 0 native plugins for Editor in 0.00 ms.
Unloading 2107 Unused Serialized files (Serialized files now loaded: 0)
System memory in use before: 98.8 MB.
System memory in use after: 98.8 MB.

Unloading 27 unused Assets to reduce memory usage. Loaded Objects now: 2597.
Total: 1.947700 ms (FindLiveObjects: 0.187200 ms CreateObjectMapping: 0.080800 ms MarkObjects: 1.550900 ms  DeleteObjects: 0.128100 ms)

========================================================================
Received Prepare
Registering precompiled user dll's ...
Registered in 0.004940 seconds.
Begin MonoManager ReloadAssembly
Native extension for WindowsStandalone target not found
Refreshing native plugins compatible for Editor in 0.46 ms, found 3 plugins.
Preloading 0 native plugins for Editor in 0.00 ms.
Mono: successfully reloaded assembly
- Completed reload, in  0.901 seconds
Platform modules already initialized, skipping
Refreshing native plugins compatible for Editor in 0.48 ms, found 3 plugins.
Preloading 0 native plugins for Editor in 0.00 ms.
Unloading 2107 Unused Serialized files (Serialized files now loaded: 0)
System memory in use before: 98.9 MB.
System memory in use after: 98.8 MB.

Unloading 27 unused Assets to reduce memory usage. Loaded Objects now: 2601.
Total: 2.158200 ms (FindLiveObjects: 0.176800 ms CreateObjectMapping: 0.076800 ms MarkObjects: 1.759800 ms  DeleteObjects: 0.144200 ms)

========================================================================
Received Prepare
Registering precompiled user dll's ...
Registered in 0.007935 seconds.
Begin MonoManager ReloadAssembly
Native extension for WindowsStandalone target not found
Refreshing native plugins compatible for Editor in 0.46 ms, found 3 plugins.
Preloading 0 native plugins for Editor in 0.00 ms.
Mono: successfully reloaded assembly
- Completed reload, in  0.880 seconds
Platform modules already initialized, skipping
Refreshing native plugins compatible for Editor in 0.48 ms, found 3 plugins.
Preloading 0 native plugins for Editor in 0.00 ms.
Unloading 2107 Unused Serialized files (Serialized files now loaded: 0)
System memory in use before: 98.9 MB.
System memory in use after: 98.9 MB.

Unloading 27 unused Assets to reduce memory usage. Loaded Objects now: 2605.
Total: 1.960500 ms (FindLiveObjects: 0.179000 ms CreateObjectMapping: 0.072900 ms MarkObjects: 1.562600 ms  DeleteObjects: 0.145100 ms)

========================================================================
Received Prepare
Registering precompiled user dll's ...
Registered in 0.007347 seconds.
Begin MonoManager ReloadAssembly
Native extension for WindowsStandalone target not found
Refreshing native plugins compatible for Editor in 0.46 ms, found 3 plugins.
Preloading 0 native plugins for Editor in 0.00 ms.
Mono: successfully reloaded assembly
- Completed reload, in  0.842 seconds
Platform modules already initialized, skipping
Refreshing native plugins compatible for Editor in 0.49 ms, found 3 plugins.
Preloading 0 native plugins for Editor in 0.00 ms.
Unloading 2107 Unused Serialized files (Serialized files now loaded: 0)
System memory in use before: 98.9 MB.
System memory in use after: 98.9 MB.

Unloading 27 unused Assets to reduce memory usage. Loaded Objects now: 2609.
Total: 2.026500 ms (FindLiveObjects: 0.197100 ms CreateObjectMapping: 0.073100 ms MarkObjects: 1.591500 ms  DeleteObjects: 0.164100 ms)

========================================================================
Received Prepare
Registering precompiled user dll's ...
Registered in 0.005113 seconds.
Begin MonoManager ReloadAssembly
Native extension for WindowsStandalone target not found
Refreshing native plugins compatible for Editor in 0.46 ms, found 3 plugins.
Preloading 0 native plugins for Editor in 0.00 ms.
Mono: successfully reloaded assembly
- Completed reload, in  0.834 seconds
Platform modules already initialized, skipping
Refreshing native plugins compatible for Editor in 0.50 ms, found 3 plugins.
Preloading 0 native plugins for Editor in 0.00 ms.
Unloading 2107 Unused Serialized files (Serialized files now loaded: 0)
System memory in use before: 98.9 MB.
System memory in use after: 98.9 MB.

Unloading 27 unused Assets to reduce memory usage. Loaded Objects now: 2613.
Total: 1.965800 ms (FindLiveObjects: 0.183000 ms CreateObjectMapping: 0.078800 ms MarkObjects: 1.598600 ms  DeleteObjects: 0.104600 ms)

========================================================================
Received Prepare
Registering precompiled user dll's ...
Registered in 0.005391 seconds.
Begin MonoManager ReloadAssembly
Native extension for WindowsStandalone target not found
Refreshing native plugins compatible for Editor in 0.82 ms, found 3 plugins.
Preloading 0 native plugins for Editor in 0.00 ms.
Mono: successfully reloaded assembly
- Completed reload, in  1.231 seconds
Platform modules already initialized, skipping
Refreshing native plugins compatible for Editor in 0.56 ms, found 3 plugins.
Preloading 0 native plugins for Editor in 0.00 ms.
Unloading 2107 Unused Serialized files (Serialized files now loaded: 0)
System memory in use before: 98.9 MB.
System memory in use after: 98.9 MB.

Unloading 27 unused Assets to reduce memory usage. Loaded Objects now: 2617.
Total: 3.992900 ms (FindLiveObjects: 0.385000 ms CreateObjectMapping: 0.169900 ms MarkObjects: 3.317600 ms  DeleteObjects: 0.116500 ms)

========================================================================
Received Import Request.
  Time since last request: 1387.603460 seconds.
  path: Assets/Resources/DOTweenSettings.asset
  artifactKey: Guid(5aa9766f7bbaeaa499ce7434a91f80d0) Importer(815301076,1909f56bfc062723c751e8b465ee728b)
Start importing Assets/Resources/DOTweenSettings.asset using Guid(5aa9766f7bbaeaa499ce7434a91f80d0) Importer(815301076,1909f56bfc062723c751e8b465ee728b)  -> (artifact id: '62a57f99fb62211987d0678f9d6b8c38') in 0.020046 seconds
  Import took 0.023582 seconds .

========================================================================
Received Import Request.
  Time since last request: 0.687927 seconds.
  path: Assets/ScriptableObjects/Level1.asset
  artifactKey: Guid(ef41aec8bba9fb24d9067c4cbfb52094) Importer(815301076,1909f56bfc062723c751e8b465ee728b)
Start importing Assets/ScriptableObjects/Level1.asset using Guid(ef41aec8bba9fb24d9067c4cbfb52094) Importer(815301076,1909f56bfc062723c751e8b465ee728b)  -> (artifact id: 'a213b3318db391c95d4ecbe2c645c3a7') in 0.006894 seconds
  Import took 0.009803 seconds .

========================================================================
Received Import Request.
  Time since last request: 0.000244 seconds.
  path: Assets/ScriptableObjects/Level3.asset
  artifactKey: Guid(41f07babd9b3a1a44b9ebc74b0694862) Importer(815301076,1909f56bfc062723c751e8b465ee728b)
Start importing Assets/ScriptableObjects/Level3.asset using Guid(41f07babd9b3a1a44b9ebc74b0694862) Importer(815301076,1909f56bfc062723c751e8b465ee728b)  -> (artifact id: '6850863890ddfd3f6b0ffb531310f032') in 0.006043 seconds
  Import took 0.009616 seconds .

========================================================================
Received Import Request.
  Time since last request: 0.000389 seconds.
  path: Assets/ScriptableObjects/Level2.asset
  artifactKey: Guid(8f041d08eae5abc428f2836f654c41ec) Importer(815301076,1909f56bfc062723c751e8b465ee728b)
Start importing Assets/ScriptableObjects/Level2.asset using Guid(8f041d08eae5abc428f2836f654c41ec) Importer(815301076,1909f56bfc062723c751e8b465ee728b)  -> (artifact id: '65a8581b001bd95acbcad2cb80fa21b7') in 0.008471 seconds
  Import took 0.012081 seconds .

========================================================================
Received Prepare
Registering precompiled user dll's ...
Registered in 0.006269 seconds.
Begin MonoManager ReloadAssembly
Native extension for WindowsStandalone target not found
Refreshing native plugins compatible for Editor in 0.47 ms, found 3 plugins.
Preloading 0 native plugins for Editor in 0.00 ms.
Mono: successfully reloaded assembly
- Completed reload, in  1.036 seconds
Platform modules already initialized, skipping
Refreshing native plugins compatible for Editor in 0.53 ms, found 3 plugins.
Preloading 0 native plugins for Editor in 0.00 ms.
Unloading 2107 Unused Serialized files (Serialized files now loaded: 0)
System memory in use before: 98.9 MB.
System memory in use after: 98.9 MB.

Unloading 27 unused Assets to reduce memory usage. Loaded Objects now: 2621.
Total: 2.911300 ms (FindLiveObjects: 0.166500 ms CreateObjectMapping: 0.070400 ms MarkObjects: 2.547300 ms  DeleteObjects: 0.126200 ms)

========================================================================
Received Prepare
Registering precompiled user dll's ...
Registered in 0.006458 seconds.
Begin MonoManager ReloadAssembly
Native extension for WindowsStandalone target not found
Refreshing native plugins compatible for Editor in 0.47 ms, found 3 plugins.
Preloading 0 native plugins for Editor in 0.00 ms.
Mono: successfully reloaded assembly
- Completed reload, in  0.927 seconds
Platform modules already initialized, skipping
Refreshing native plugins compatible for Editor in 0.49 ms, found 3 plugins.
Preloading 0 native plugins for Editor in 0.00 ms.
Unloading 2107 Unused Serialized files (Serialized files now loaded: 0)
System memory in use before: 98.9 MB.
System memory in use after: 98.9 MB.

Unloading 27 unused Assets to reduce memory usage. Loaded Objects now: 2625.
Total: 2.093100 ms (FindLiveObjects: 0.188700 ms CreateObjectMapping: 0.078200 ms MarkObjects: 1.626800 ms  DeleteObjects: 0.198600 ms)

========================================================================
Received Prepare
Registering precompiled user dll's ...
Registered in 0.007157 seconds.
Begin MonoManager ReloadAssembly
Native extension for WindowsStandalone target not found
Refreshing native plugins compatible for Editor in 0.68 ms, found 3 plugins.
Preloading 0 native plugins for Editor in 0.00 ms.
Mono: successfully reloaded assembly
- Completed reload, in  0.984 seconds
Platform modules already initialized, skipping
Refreshing native plugins compatible for Editor in 0.51 ms, found 3 plugins.
Preloading 0 native plugins for Editor in 0.00 ms.
Unloading 2107 Unused Serialized files (Serialized files now loaded: 0)
System memory in use before: 98.9 MB.
System memory in use after: 98.9 MB.

Unloading 27 unused Assets to reduce memory usage. Loaded Objects now: 2629.
Total: 2.022500 ms (FindLiveObjects: 0.181300 ms CreateObjectMapping: 0.073200 ms MarkObjects: 1.670600 ms  DeleteObjects: 0.096600 ms)

========================================================================
Received Prepare
Registering precompiled user dll's ...
Registered in 0.004941 seconds.
Begin MonoManager ReloadAssembly
Native extension for WindowsStandalone target not found
Refreshing native plugins compatible for Editor in 0.52 ms, found 3 plugins.
Preloading 0 native plugins for Editor in 0.00 ms.
Mono: successfully reloaded assembly
- Completed reload, in  0.906 seconds
Platform modules already initialized, skipping
Refreshing native plugins compatible for Editor in 0.49 ms, found 3 plugins.
Preloading 0 native plugins for Editor in 0.00 ms.
Unloading 2107 Unused Serialized files (Serialized files now loaded: 0)
System memory in use before: 98.9 MB.
System memory in use after: 98.9 MB.

Unloading 27 unused Assets to reduce memory usage. Loaded Objects now: 2633.
Total: 1.981900 ms (FindLiveObjects: 0.189000 ms CreateObjectMapping: 0.077900 ms MarkObjects: 1.598000 ms  DeleteObjects: 0.116200 ms)

========================================================================
Received Prepare
Registering precompiled user dll's ...
Registered in 0.006307 seconds.
Begin MonoManager ReloadAssembly
Native extension for WindowsStandalone target not found
Refreshing native plugins compatible for Editor in 0.48 ms, found 3 plugins.
Preloading 0 native plugins for Editor in 0.00 ms.
Mono: successfully reloaded assembly
- Completed reload, in  0.930 seconds
Platform modules already initialized, skipping
Refreshing native plugins compatible for Editor in 0.48 ms, found 3 plugins.
Preloading 0 native plugins for Editor in 0.00 ms.
Unloading 2107 Unused Serialized files (Serialized files now loaded: 0)
System memory in use before: 98.9 MB.
System memory in use after: 98.9 MB.

Unloading 27 unused Assets to reduce memory usage. Loaded Objects now: 2637.
Total: 2.083200 ms (FindLiveObjects: 0.180800 ms CreateObjectMapping: 0.077300 ms MarkObjects: 1.716000 ms  DeleteObjects: 0.108300 ms)

========================================================================
Received Prepare
Registering precompiled user dll's ...
Registered in 0.006206 seconds.
Begin MonoManager ReloadAssembly
Native extension for WindowsStandalone target not found
Refreshing native plugins compatible for Editor in 0.47 ms, found 3 plugins.
Preloading 0 native plugins for Editor in 0.00 ms.
Mono: successfully reloaded assembly
- Completed reload, in  0.899 seconds
Platform modules already initialized, skipping
Refreshing native plugins compatible for Editor in 0.48 ms, found 3 plugins.
Preloading 0 native plugins for Editor in 0.00 ms.
Unloading 2107 Unused Serialized files (Serialized files now loaded: 0)
System memory in use before: 99.0 MB.
System memory in use after: 98.9 MB.

Unloading 27 unused Assets to reduce memory usage. Loaded Objects now: 2641.
Total: 2.153600 ms (FindLiveObjects: 0.285200 ms CreateObjectMapping: 0.104300 ms MarkObjects: 1.669800 ms  DeleteObjects: 0.093400 ms)

========================================================================
Received Prepare
Registering precompiled user dll's ...
Registered in 0.005262 seconds.
Begin MonoManager ReloadAssembly
Native extension for WindowsStandalone target not found
Refreshing native plugins compatible for Editor in 0.46 ms, found 3 plugins.
Preloading 0 native plugins for Editor in 0.00 ms.
Mono: successfully reloaded assembly
- Completed reload, in  0.889 seconds
Platform modules already initialized, skipping
Refreshing native plugins compatible for Editor in 0.50 ms, found 3 plugins.
Preloading 0 native plugins for Editor in 0.00 ms.
Unloading 2107 Unused Serialized files (Serialized files now loaded: 0)
System memory in use before: 99.0 MB.
System memory in use after: 98.9 MB.

Unloading 27 unused Assets to reduce memory usage. Loaded Objects now: 2645.
Total: 2.511500 ms (FindLiveObjects: 0.287400 ms CreateObjectMapping: 0.114200 ms MarkObjects: 2.003100 ms  DeleteObjects: 0.105500 ms)

========================================================================
Received Prepare
Registering precompiled user dll's ...
Registered in 0.007782 seconds.
Begin MonoManager ReloadAssembly
Native extension for WindowsStandalone target not found
Refreshing native plugins compatible for Editor in 3.38 ms, found 3 plugins.
Preloading 0 native plugins for Editor in 0.00 ms.
Mono: successfully reloaded assembly
- Completed reload, in  2.214 seconds
Platform modules already initialized, skipping
Refreshing native plugins compatible for Editor in 3.41 ms, found 3 plugins.
Preloading 0 native plugins for Editor in 0.00 ms.
Unloading 2107 Unused Serialized files (Serialized files now loaded: 0)
System memory in use before: 99.0 MB.
System memory in use after: 99.0 MB.

Unloading 27 unused Assets to reduce memory usage. Loaded Objects now: 2649.
Total: 7.892500 ms (FindLiveObjects: 0.773200 ms CreateObjectMapping: 0.221000 ms MarkObjects: 6.012400 ms  DeleteObjects: 0.877800 ms)

========================================================================
Received Prepare
Registering precompiled user dll's ...
Registered in 0.008024 seconds.
Begin MonoManager ReloadAssembly
Native extension for WindowsStandalone target not found
Refreshing native plugins compatible for Editor in 0.67 ms, found 3 plugins.
Preloading 0 native plugins for Editor in 0.00 ms.
Mono: successfully reloaded assembly
- Completed reload, in  0.953 seconds
Platform modules already initialized, skipping
Refreshing native plugins compatible for Editor in 0.49 ms, found 3 plugins.
Preloading 0 native plugins for Editor in 0.00 ms.
Unloading 2107 Unused Serialized files (Serialized files now loaded: 0)
System memory in use before: 99.0 MB.
System memory in use after: 99.0 MB.

Unloading 27 unused Assets to reduce memory usage. Loaded Objects now: 2653.
Total: 2.140300 ms (FindLiveObjects: 0.217300 ms CreateObjectMapping: 0.093100 ms MarkObjects: 1.727500 ms  DeleteObjects: 0.101400 ms)

========================================================================
Received Prepare
Registering precompiled user dll's ...
Registered in 0.005321 seconds.
Begin MonoManager ReloadAssembly
Native extension for WindowsStandalone target not found
Refreshing native plugins compatible for Editor in 0.71 ms, found 3 plugins.
Preloading 0 native plugins for Editor in 0.00 ms.
Mono: successfully reloaded assembly
- Completed reload, in  0.921 seconds
Platform modules already initialized, skipping
Refreshing native plugins compatible for Editor in 0.48 ms, found 3 plugins.
Preloading 0 native plugins for Editor in 0.00 ms.
Unloading 2107 Unused Serialized files (Serialized files now loaded: 0)
System memory in use before: 99.0 MB.
System memory in use after: 99.0 MB.

Unloading 27 unused Assets to reduce memory usage. Loaded Objects now: 2657.
Total: 2.078400 ms (FindLiveObjects: 0.204400 ms CreateObjectMapping: 0.073000 ms MarkObjects: 1.622600 ms  DeleteObjects: 0.177500 ms)

========================================================================
Received Prepare
Registering precompiled user dll's ...
Registered in 0.005689 seconds.
Begin MonoManager ReloadAssembly
Native extension for WindowsStandalone target not found
Refreshing native plugins compatible for Editor in 0.46 ms, found 3 plugins.
Preloading 0 native plugins for Editor in 0.00 ms.
Mono: successfully reloaded assembly
- Completed reload, in  0.888 seconds
Platform modules already initialized, skipping
Refreshing native plugins compatible for Editor in 0.49 ms, found 3 plugins.
Preloading 0 native plugins for Editor in 0.00 ms.
Unloading 2107 Unused Serialized files (Serialized files now loaded: 0)
System memory in use before: 99.0 MB.
System memory in use after: 99.0 MB.

Unloading 27 unused Assets to reduce memory usage. Loaded Objects now: 2661.
Total: 2.627400 ms (FindLiveObjects: 0.448800 ms CreateObjectMapping: 0.199700 ms MarkObjects: 1.834500 ms  DeleteObjects: 0.142600 ms)

========================================================================
Received Prepare
Registering precompiled user dll's ...
Registered in 0.006414 seconds.
Begin MonoManager ReloadAssembly
Native extension for WindowsStandalone target not found
Refreshing native plugins compatible for Editor in 0.48 ms, found 3 plugins.
Preloading 0 native plugins for Editor in 0.00 ms.
Mono: successfully reloaded assembly
- Completed reload, in  0.995 seconds
Platform modules already initialized, skipping
Refreshing native plugins compatible for Editor in 0.50 ms, found 3 plugins.
Preloading 0 native plugins for Editor in 0.00 ms.
Unloading 2107 Unused Serialized files (Serialized files now loaded: 0)
System memory in use before: 99.0 MB.
System memory in use after: 99.0 MB.

Unloading 27 unused Assets to reduce memory usage. Loaded Objects now: 2665.
Total: 1.966100 ms (FindLiveObjects: 0.187500 ms CreateObjectMapping: 0.075700 ms MarkObjects: 1.608900 ms  DeleteObjects: 0.093200 ms)

========================================================================
Received Prepare
Registering precompiled user dll's ...
Registered in 0.005199 seconds.
Begin MonoManager ReloadAssembly
Native extension for WindowsStandalone target not found
Refreshing native plugins compatible for Editor in 0.47 ms, found 3 plugins.
Preloading 0 native plugins for Editor in 0.00 ms.
Mono: successfully reloaded assembly
- Completed reload, in  0.930 seconds
Platform modules already initialized, skipping
Refreshing native plugins compatible for Editor in 0.56 ms, found 3 plugins.
Preloading 0 native plugins for Editor in 0.00 ms.
Unloading 2107 Unused Serialized files (Serialized files now loaded: 0)
System memory in use before: 99.0 MB.
System memory in use after: 99.0 MB.

Unloading 27 unused Assets to reduce memory usage. Loaded Objects now: 2669.
Total: 2.959100 ms (FindLiveObjects: 0.243700 ms CreateObjectMapping: 0.164600 ms MarkObjects: 2.417400 ms  DeleteObjects: 0.132300 ms)

========================================================================
Received Prepare
Registering precompiled user dll's ...
Registered in 0.006310 seconds.
Begin MonoManager ReloadAssembly
Native extension for WindowsStandalone target not found
Refreshing native plugins compatible for Editor in 0.65 ms, found 3 plugins.
Preloading 0 native plugins for Editor in 0.00 ms.
Mono: successfully reloaded assembly
- Completed reload, in  0.972 seconds
Platform modules already initialized, skipping
Refreshing native plugins compatible for Editor in 0.48 ms, found 3 plugins.
Preloading 0 native plugins for Editor in 0.00 ms.
Unloading 2107 Unused Serialized files (Serialized files now loaded: 0)
System memory in use before: 99.0 MB.
System memory in use after: 99.0 MB.

Unloading 27 unused Assets to reduce memory usage. Loaded Objects now: 2673.
Total: 2.475500 ms (FindLiveObjects: 0.228100 ms CreateObjectMapping: 0.086400 ms MarkObjects: 2.040000 ms  DeleteObjects: 0.120000 ms)

========================================================================
Received Prepare
Registering precompiled user dll's ...
Registered in 0.007302 seconds.
Begin MonoManager ReloadAssembly
Native extension for WindowsStandalone target not found
Refreshing native plugins compatible for Editor in 0.57 ms, found 3 plugins.
Preloading 0 native plugins for Editor in 0.00 ms.
Mono: successfully reloaded assembly
- Completed reload, in  0.942 seconds
Platform modules already initialized, skipping
Refreshing native plugins compatible for Editor in 0.49 ms, found 3 plugins.
Preloading 0 native plugins for Editor in 0.00 ms.
Unloading 2107 Unused Serialized files (Serialized files now loaded: 0)
System memory in use before: 99.0 MB.
System memory in use after: 99.0 MB.

Unloading 27 unused Assets to reduce memory usage. Loaded Objects now: 2677.
Total: 2.014900 ms (FindLiveObjects: 0.193500 ms CreateObjectMapping: 0.079900 ms MarkObjects: 1.638700 ms  DeleteObjects: 0.101900 ms)

========================================================================
Received Import Request.
  Time since last request: 797.999382 seconds.
  path: Assets/ScriptableObjects/Level1.asset
  artifactKey: Guid(ef41aec8bba9fb24d9067c4cbfb52094) Importer(815301076,1909f56bfc062723c751e8b465ee728b)
Start importing Assets/ScriptableObjects/Level1.asset using Guid(ef41aec8bba9fb24d9067c4cbfb52094) Importer(815301076,1909f56bfc062723c751e8b465ee728b)  -> (artifact id: '845fbee4f677fc889b5f5de4251bde94') in 0.017889 seconds
  Import took 0.021667 seconds .

========================================================================
Received Import Request.
  Time since last request: 16.628066 seconds.
  path: Assets/ScriptableObjects/Level1.asset
  artifactKey: Guid(ef41aec8bba9fb24d9067c4cbfb52094) Importer(815301076,1909f56bfc062723c751e8b465ee728b)
Start importing Assets/ScriptableObjects/Level1.asset using Guid(ef41aec8bba9fb24d9067c4cbfb52094) Importer(815301076,1909f56bfc062723c751e8b465ee728b)  -> (artifact id: '5bfc03af125e3a71a537e1744d070cbe') in 0.004521 seconds
  Import took 0.009577 seconds .

========================================================================
Received Import Request.
  Time since last request: 0.000277 seconds.
  path: Assets/ScriptableObjects/Level3 1.asset
  artifactKey: Guid(65a4e043cb4474a4ea2cfd539fcb36c2) Importer(815301076,1909f56bfc062723c751e8b465ee728b)
Start importing Assets/ScriptableObjects/Level3 1.asset using Guid(65a4e043cb4474a4ea2cfd539fcb36c2) Importer(815301076,1909f56bfc062723c751e8b465ee728b)  -> (artifact id: '294c558e1d0eac143aad48d667a99702') in 0.009378 seconds
  Import took 0.014367 seconds .

========================================================================
Received Import Request.
  Time since last request: 0.000244 seconds.
  path: Assets/ScriptableObjects/Level3.asset
  artifactKey: Guid(41f07babd9b3a1a44b9ebc74b0694862) Importer(815301076,1909f56bfc062723c751e8b465ee728b)
Start importing Assets/ScriptableObjects/Level3.asset using Guid(41f07babd9b3a1a44b9ebc74b0694862) Importer(815301076,1909f56bfc062723c751e8b465ee728b)  -> (artifact id: '43ca0fc89aa754859c4dba58245664a3') in 0.004008 seconds
  Import took 0.009312 seconds .

========================================================================
Received Import Request.
  Time since last request: 0.000163 seconds.
  path: Assets/ScriptableObjects/Level2.asset
  artifactKey: Guid(8f041d08eae5abc428f2836f654c41ec) Importer(815301076,1909f56bfc062723c751e8b465ee728b)
Start importing Assets/ScriptableObjects/Level2.asset using Guid(8f041d08eae5abc428f2836f654c41ec) Importer(815301076,1909f56bfc062723c751e8b465ee728b)  -> (artifact id: '3275d8008c31626f9948af0f7c4ea182') in 0.007388 seconds
  Import took 0.011514 seconds .

========================================================================
Received Import Request.
  Time since last request: 4.741637 seconds.
  path: Assets/ScriptableObjects/Level4.asset
  artifactKey: Guid(65a4e043cb4474a4ea2cfd539fcb36c2) Importer(815301076,1909f56bfc062723c751e8b465ee728b)
Start importing Assets/ScriptableObjects/Level4.asset using Guid(65a4e043cb4474a4ea2cfd539fcb36c2) Importer(815301076,1909f56bfc062723c751e8b465ee728b)  -> (artifact id: 'f518c9b3b1ba693f608b68e698440479') in 0.009455 seconds
  Import took 0.013351 seconds .

========================================================================
Received Import Request.
  Time since last request: 10.341227 seconds.
  path: Assets/ScriptableObjects/Level4.asset
  artifactKey: Guid(65a4e043cb4474a4ea2cfd539fcb36c2) Importer(815301076,1909f56bfc062723c751e8b465ee728b)
Start importing Assets/ScriptableObjects/Level4.asset using Guid(65a4e043cb4474a4ea2cfd539fcb36c2) Importer(815301076,1909f56bfc062723c751e8b465ee728b)  -> (artifact id: '037eec79369262d1cebc633009363e37') in 0.003115 seconds
  Import took 0.008419 seconds .

========================================================================
Received Prepare
Registering precompiled user dll's ...
Registered in 0.005652 seconds.
Begin MonoManager ReloadAssembly
Native extension for WindowsStandalone target not found
Refreshing native plugins compatible for Editor in 0.53 ms, found 3 plugins.
Preloading 0 native plugins for Editor in 0.00 ms.
Mono: successfully reloaded assembly
- Completed reload, in  1.019 seconds
Platform modules already initialized, skipping
Refreshing native plugins compatible for Editor in 0.88 ms, found 3 plugins.
Preloading 0 native plugins for Editor in 0.00 ms.
Unloading 2107 Unused Serialized files (Serialized files now loaded: 0)
System memory in use before: 99.0 MB.
System memory in use after: 99.0 MB.

Unloading 27 unused Assets to reduce memory usage. Loaded Objects now: 2681.
Total: 2.602400 ms (FindLiveObjects: 0.211200 ms CreateObjectMapping: 0.082200 ms MarkObjects: 2.200900 ms  DeleteObjects: 0.107100 ms)

